[debug] [2025-05-27T20:35:47.542Z] ----------------------------------------------------------------------
[debug] [2025-05-27T20:35:47.548Z] Command:       C:\Program Files\nodejs\node.exe C:\Users\LENOVO\AppData\Roaming\npm\node_modules\firebase-tools\lib\bin\firebase.js init
[debug] [2025-05-27T20:35:47.549Z] CLI Version:   14.4.0
[debug] [2025-05-27T20:35:47.550Z] Platform:      win32
[debug] [2025-05-27T20:35:47.550Z] Node Version:  v22.15.0
[debug] [2025-05-27T20:35:47.551Z] Time:          Wed May 28 2025 02:05:47 GMT+0530 (India Standard Time)
[debug] [2025-05-27T20:35:47.551Z] ----------------------------------------------------------------------
[debug] 
[debug] [2025-05-27T20:35:48.045Z] > command requires scopes: ["email","openid","https://www.googleapis.com/auth/cloudplatformprojects.readonly","https://www.googleapis.com/auth/firebase","https://www.googleapis.com/auth/cloud-platform"]
[debug] [2025-05-27T20:35:48.046Z] > authorizing via signed-in user (kunalpardhi444@gmail.com)
[info] 
     ######## #### ########  ######## ########     ###     ######  ########
     ##        ##  ##     ## ##       ##     ##  ##   ##  ##       ##
     ######    ##  ########  ######   ########  #########  ######  ######
     ##        ##  ##    ##  ##       ##     ## ##     ##       ## ##
     ##       #### ##     ## ######## ########  ##     ##  ######  ########

You're about to initialize a Firebase project in this directory:

  C:\Users\LENOVO\Desktop\AI\nutradrill-main

Before we get started, keep in mind:

  * You are initializing within an existing Firebase project directory

[info] 
=== Project Setup
[info] 
[info] First, let's associate this project directory with a Firebase project.
[info] You can create multiple project aliases by running firebase use --add, 
[info] but for now we'll just set up a default project.
[info] 
[debug] [2025-05-27T20:36:01.775Z] Using project from CLI flag: quiz-9ae49
[debug] [2025-05-27T20:36:01.777Z] Checked if tokens are valid: true, expires at: 1748381407386
[debug] [2025-05-27T20:36:01.778Z] Checked if tokens are valid: true, expires at: 1748381407386
[debug] [2025-05-27T20:36:01.780Z] >>> [apiv2][query] GET https://firebase.googleapis.com/v1beta1/projects/quiz-9ae49 [none]
[debug] [2025-05-27T20:36:02.904Z] <<< [apiv2][status] GET https://firebase.googleapis.com/v1beta1/projects/quiz-9ae49 200
[debug] [2025-05-27T20:36:02.905Z] <<< [apiv2][body] GET https://firebase.googleapis.com/v1beta1/projects/quiz-9ae49 {"projectId":"quiz-9ae49","projectNumber":"947312172200","displayName":"Quiz","name":"projects/quiz-9ae49","resources":{"hostingSite":"quiz-9ae49","realtimeDatabaseInstance":"quiz-9ae49-default-rtdb"},"state":"ACTIVE","etag":"1_c69f0220-e24a-44e8-8179-f8aadc7b09a4"}
[info] i  Using project quiz-9ae49 (Quiz) 
[info] 
=== Hosting Setup
[debug] [2025-05-27T20:36:02.942Z] Checked if tokens are valid: true, expires at: 1748381407386
[debug] [2025-05-27T20:36:02.942Z] Checked if tokens are valid: true, expires at: 1748381407386
[debug] [2025-05-27T20:36:02.943Z] >>> [apiv2][query] GET https://firebase.googleapis.com/v1beta1/projects/quiz-9ae49 [none]
[debug] [2025-05-27T20:36:03.478Z] <<< [apiv2][status] GET https://firebase.googleapis.com/v1beta1/projects/quiz-9ae49 200
[debug] [2025-05-27T20:36:03.479Z] <<< [apiv2][body] GET https://firebase.googleapis.com/v1beta1/projects/quiz-9ae49 {"projectId":"quiz-9ae49","projectNumber":"947312172200","displayName":"Quiz","name":"projects/quiz-9ae49","resources":{"hostingSite":"quiz-9ae49","realtimeDatabaseInstance":"quiz-9ae49-default-rtdb"},"state":"ACTIVE","etag":"1_c69f0220-e24a-44e8-8179-f8aadc7b09a4"}
[info] 
[info] Your public directory is the folder (relative to your project directory) that
[info] will contain Hosting assets to be uploaded with firebase deploy. If you
[info] have a build process for your assets, use your build's output directory.
[info] 
